Base path: 'H:/Unity Editors/2019.3.12f1/Editor/Data', plugins path 'H:/Unity Editors/2019.3.12f1/Editor/Data/PlaybackEngines'
Cmd: initializeCompiler
Cmd: preprocess
  insize=811 outsize=209 ok=1
Cmd: preprocess
  insize=811 outsize=209 ok=1
Cmd: preprocess
  insize=811 outsize=209 ok=1
Cmd: preprocess
  insize=811 outsize=209 ok=1
Cmd: preprocess
  insize=811 outsize=209 ok=1
Cmd: preprocess
  insize=811 outsize=209 ok=1
Cmd: preprocess
  insize=811 outsize=209 ok=1
Cmd: preprocess
  insize=811 outsize=209 ok=1
Cmd: preprocess
  insize=811 outsize=209 ok=1
Cmd: preprocess
  insize=811 outsize=209 ok=1
Cmd: preprocess
  insize=811 outsize=209 ok=1
Cmd: preprocess
  insize=811 outsize=209 ok=1
Cmd: preprocess
  insize=811 outsize=209 ok=1
Cmd: preprocess
  insize=811 outsize=209 ok=1
Cmd: preprocess
  insize=811 outsize=209 ok=1
Cmd: preprocess
  insize=811 outsize=209 ok=1
Cmd: preprocess
  insize=811 outsize=209 ok=1
Cmd: preprocess
  insize=811 outsize=209 ok=1
Cmd: preprocess
  insize=811 outsize=209 ok=1
Cmd: preprocess
  insize=811 outsize=209 ok=1
Cmd: preprocess
  insize=811 outsize=209 ok=1
Cmd: preprocess
  insize=8096 outsize=696 ok=1
Cmd: preprocess
  insize=6555 outsize=698 ok=1
Cmd: preprocess
  insize=6257 outsize=699 ok=1
Cmd: preprocess
  insize=6038 outsize=701 ok=1
Cmd: preprocess
  insize=5812 outsize=699 ok=1
Cmd: preprocess
  insize=4368 outsize=707 ok=1
Cmd: preprocess
  insize=33374 outsize=2019 ok=1
Cmd: preprocess
  insize=5287 outsize=697 ok=1
Cmd: preprocess
  insize=3657 outsize=700 ok=1
Cmd: preprocess
  insize=3894 outsize=701 ok=1
Cmd: preprocess
  insize=4578 outsize=696 ok=1
Cmd: preprocess
  insize=4873 outsize=696 ok=1
Cmd: preprocess
  insize=811 outsize=209 ok=1
Cmd: preprocess
  insize=811 outsize=209 ok=1
Cmd: preprocess
  insize=811 outsize=209 ok=1
Cmd: preprocess
  insize=811 outsize=209 ok=1
Cmd: preprocess
  insize=811 outsize=209 ok=1
Cmd: preprocess
  insize=811 outsize=209 ok=1
Cmd: preprocess
  insize=811 outsize=209 ok=1
Cmd: preprocess
  insize=811 outsize=209 ok=1
Cmd: preprocess
  insize=811 outsize=209 ok=1
Cmd: preprocess
  insize=811 outsize=209 ok=1
Cmd: preprocess
  insize=811 outsize=209 ok=1
Cmd: preprocess
  insize=811 outsize=209 ok=1
Cmd: preprocess
  insize=811 outsize=209 ok=1
Cmd: preprocess
  insize=811 outsize=209 ok=1
Cmd: preprocess
  insize=811 outsize=209 ok=1
Cmd: preprocess
  insize=811 outsize=209 ok=1
Cmd: preprocess
  insize=811 outsize=209 ok=1
Cmd: preprocess
  insize=811 outsize=209 ok=1
Cmd: preprocess
  insize=811 outsize=209 ok=1
Cmd: preprocess
  insize=811 outsize=209 ok=1
Cmd: preprocess
  insize=811 outsize=209 ok=1
Cmd: preprocess
  insize=8096 outsize=696 ok=1
Cmd: preprocess
  insize=6555 outsize=698 ok=1
Cmd: preprocess
  insize=6257 outsize=699 ok=1
Cmd: preprocess
  insize=6038 outsize=701 ok=1
Cmd: preprocess
  insize=5812 outsize=699 ok=1
Cmd: preprocess
  insize=4368 outsize=707 ok=1
Cmd: preprocess
  insize=33374 outsize=2019 ok=1
Cmd: preprocess
  insize=5287 outsize=697 ok=1
Cmd: preprocess
  insize=3657 outsize=700 ok=1
Cmd: preprocess
  insize=3894 outsize=701 ok=1
Cmd: preprocess
  insize=4578 outsize=696 ok=1
Cmd: preprocess
  insize=4873 outsize=696 ok=1
Cmd: preprocess
  insize=811 outsize=209 ok=1
Cmd: preprocess
  insize=811 outsize=209 ok=1
Cmd: preprocess
  insize=811 outsize=209 ok=1
Cmd: preprocess
  insize=811 outsize=209 ok=1
Cmd: preprocess
  insize=811 outsize=209 ok=1
Cmd: preprocess
  insize=811 outsize=209 ok=1
Cmd: preprocess
  insize=811 outsize=209 ok=1
Cmd: preprocess
  insize=811 outsize=209 ok=1
Cmd: preprocess
  insize=811 outsize=209 ok=1
Cmd: preprocess
  insize=811 outsize=209 ok=1
Cmd: preprocess
  insize=811 outsize=209 ok=1
Cmd: preprocess
  insize=811 outsize=209 ok=1
Cmd: preprocess
  insize=811 outsize=209 ok=1
Cmd: preprocess
  insize=811 outsize=209 ok=1
Cmd: preprocess
  insize=811 outsize=209 ok=1
Cmd: preprocess
  insize=811 outsize=209 ok=1
Cmd: preprocess
  insize=811 outsize=209 ok=1
Cmd: preprocess
  insize=811 outsize=209 ok=1
Cmd: preprocess
  insize=811 outsize=209 ok=1
Cmd: preprocess
  insize=811 outsize=209 ok=1
Cmd: preprocess
  insize=811 outsize=209 ok=1
Cmd: preprocess
  insize=8096 outsize=696 ok=1
Cmd: preprocess
  insize=6555 outsize=698 ok=1
Cmd: preprocess
  insize=6257 outsize=699 ok=1
Cmd: preprocess
  insize=6038 outsize=701 ok=1
Cmd: preprocess
  insize=5812 outsize=699 ok=1
Cmd: preprocess
  insize=4368 outsize=707 ok=1
Cmd: preprocess
  insize=33374 outsize=2019 ok=1
Cmd: preprocess
  insize=5287 outsize=697 ok=1
Cmd: preprocess
  insize=3657 outsize=700 ok=1
Cmd: preprocess
  insize=3894 outsize=701 ok=1
Cmd: preprocess
  insize=4578 outsize=696 ok=1
Cmd: preprocess
  insize=4873 outsize=696 ok=1
Cmd: preprocess
  insize=5812 outsize=699 ok=1
Cmd: preprocess
  insize=6038 outsize=701 ok=1
Cmd: preprocess
  insize=6257 outsize=699 ok=1
Cmd: preprocess
  insize=6555 outsize=698 ok=1
Cmd: preprocess
  insize=8096 outsize=696 ok=1
Cmd: preprocess
  insize=33374 outsize=2019 ok=1
Cmd: preprocess
  insize=4873 outsize=696 ok=1
Cmd: preprocess
  insize=5287 outsize=697 ok=1
Cmd: preprocess
  insize=4368 outsize=707 ok=1
Cmd: preprocess
  insize=811 outsize=209 ok=1
Cmd: preprocess
  insize=811 outsize=209 ok=1
Cmd: preprocess
  insize=811 outsize=209 ok=1
Cmd: preprocess
  insize=811 outsize=209 ok=1
Cmd: preprocess
  insize=811 outsize=209 ok=1
Cmd: preprocess
  insize=811 outsize=209 ok=1
Cmd: preprocess
  insize=811 outsize=209 ok=1
Cmd: preprocess
  insize=811 outsize=209 ok=1
Cmd: preprocess
  insize=811 outsize=209 ok=1
Cmd: preprocess
  insize=811 outsize=209 ok=1
Cmd: preprocess
  insize=811 outsize=209 ok=1
Cmd: preprocess
  insize=811 outsize=209 ok=1
Cmd: preprocess
  insize=811 outsize=209 ok=1
Cmd: preprocess
  insize=811 outsize=209 ok=1
Cmd: preprocess
  insize=811 outsize=209 ok=1
Cmd: preprocess
  insize=811 outsize=209 ok=1
Cmd: preprocess
  insize=811 outsize=209 ok=1
Cmd: preprocess
  insize=811 outsize=209 ok=1
Cmd: preprocess
  insize=811 outsize=209 ok=1
Cmd: preprocess
  insize=811 outsize=209 ok=1
Cmd: preprocess
  insize=811 outsize=209 ok=1
Cmd: preprocess
  insize=8096 outsize=696 ok=1
Cmd: preprocess
  insize=6555 outsize=698 ok=1
Cmd: preprocess
  insize=6257 outsize=699 ok=1
Cmd: preprocess
  insize=6038 outsize=701 ok=1
Cmd: preprocess
  insize=5812 outsize=699 ok=1
Cmd: preprocess
  insize=4368 outsize=707 ok=1
Cmd: preprocess
  insize=33374 outsize=2019 ok=1
Cmd: preprocess
  insize=5287 outsize=697 ok=1
Cmd: preprocess
  insize=3657 outsize=700 ok=1
Cmd: preprocess
  insize=3894 outsize=701 ok=1
Cmd: preprocess
  insize=4578 outsize=696 ok=1
Cmd: preprocess
  insize=4873 outsize=696 ok=1
Cmd: preprocess
  insize=5812 outsize=699 ok=1
Cmd: preprocess
  insize=6038 outsize=701 ok=1
Cmd: preprocess
  insize=6257 outsize=699 ok=1
Cmd: preprocess
  insize=6555 outsize=698 ok=1
Cmd: preprocess
  insize=8096 outsize=696 ok=1
Cmd: preprocess
  insize=33374 outsize=2019 ok=1
Cmd: preprocess
  insize=4873 outsize=696 ok=1
Cmd: preprocess
  insize=5287 outsize=697 ok=1
Cmd: preprocess
  insize=4368 outsize=707 ok=1
Cmd: preprocess
  insize=811 outsize=209 ok=1
Cmd: preprocess
  insize=811 outsize=209 ok=1
Cmd: preprocess
  insize=811 outsize=209 ok=1
Cmd: preprocess
  insize=811 outsize=209 ok=1
Cmd: preprocess
  insize=811 outsize=209 ok=1
Cmd: preprocess
  insize=811 outsize=209 ok=1
Cmd: preprocess
  insize=811 outsize=209 ok=1
Cmd: preprocess
  insize=811 outsize=209 ok=1
Cmd: preprocess
  insize=811 outsize=209 ok=1
Cmd: preprocess
  insize=811 outsize=209 ok=1
Cmd: preprocess
  insize=811 outsize=209 ok=1
Cmd: preprocess
  insize=811 outsize=209 ok=1
Cmd: preprocess
  insize=811 outsize=209 ok=1
Cmd: preprocess
  insize=811 outsize=209 ok=1
Cmd: preprocess
  insize=811 outsize=209 ok=1
Cmd: preprocess
  insize=811 outsize=209 ok=1
Cmd: preprocess
  insize=811 outsize=209 ok=1
Cmd: preprocess
  insize=811 outsize=209 ok=1
Cmd: preprocess
  insize=811 outsize=209 ok=1
Cmd: preprocess
  insize=811 outsize=209 ok=1
Cmd: preprocess
  insize=811 outsize=209 ok=1
Cmd: preprocess
  insize=8096 outsize=696 ok=1
Cmd: preprocess
  insize=6555 outsize=698 ok=1
Cmd: preprocess
  insize=6257 outsize=699 ok=1
Cmd: preprocess
  insize=6038 outsize=701 ok=1
Cmd: preprocess
  insize=5812 outsize=699 ok=1
Cmd: preprocess
  insize=4368 outsize=707 ok=1
Cmd: preprocess
  insize=33374 outsize=2019 ok=1
Cmd: preprocess
  insize=5287 outsize=697 ok=1
Cmd: preprocess
  insize=3657 outsize=700 ok=1
Cmd: preprocess
  insize=3894 outsize=701 ok=1
Cmd: preprocess
  insize=4578 outsize=696 ok=1
Cmd: preprocess
  insize=4873 outsize=696 ok=1
Cmd: preprocess
  insize=5812 outsize=699 ok=1
Cmd: preprocess
  insize=6038 outsize=701 ok=1
Cmd: preprocess
  insize=6257 outsize=699 ok=1
Cmd: preprocess
  insize=6555 outsize=698 ok=1
Cmd: preprocess
  insize=8096 outsize=696 ok=1
Cmd: preprocess
  insize=33374 outsize=2019 ok=1
Cmd: preprocess
  insize=4873 outsize=696 ok=1
Cmd: preprocess
  insize=5287 outsize=697 ok=1
Cmd: preprocess
  insize=4368 outsize=707 ok=1
Cmd: preprocess
  insize=5798 outsize=693 ok=1
Cmd: preprocess
  insize=6024 outsize=694 ok=1
Cmd: preprocess
  insize=6243 outsize=694 ok=1
Cmd: preprocess
  insize=6534 outsize=691 ok=1
Cmd: preprocess
  insize=8075 outsize=689 ok=1
Cmd: preprocess
  insize=33339 outsize=2012 ok=1
Cmd: preprocess
  insize=4859 outsize=689 ok=1
Cmd: preprocess
  insize=5273 outsize=690 ok=1
Cmd: preprocess
  insize=4354 outsize=700 ok=1
Cmd: preprocess
  insize=5786 outsize=689 ok=1
Cmd: preprocess
  insize=6012 outsize=688 ok=1
Cmd: preprocess
  insize=6231 outsize=690 ok=1
Cmd: preprocess
  insize=6522 outsize=687 ok=1
Cmd: preprocess
  insize=8063 outsize=685 ok=1
Cmd: preprocess
  insize=33319 outsize=2008 ok=1
Cmd: preprocess
  insize=4851 outsize=685 ok=1
Cmd: preprocess
  insize=5265 outsize=686 ok=1
Cmd: preprocess
  insize=4346 outsize=696 ok=1
Cmd: preprocess
  insize=811 outsize=209 ok=1
Cmd: preprocess
  insize=811 outsize=209 ok=1
Cmd: preprocess
  insize=811 outsize=209 ok=1
Cmd: preprocess
  insize=811 outsize=209 ok=1
Cmd: preprocess
  insize=811 outsize=209 ok=1
Cmd: preprocess
  insize=811 outsize=209 ok=1
Cmd: preprocess
  insize=811 outsize=209 ok=1
Cmd: preprocess
  insize=811 outsize=209 ok=1
Cmd: preprocess
  insize=811 outsize=209 ok=1
Cmd: preprocess
  insize=811 outsize=209 ok=1
Cmd: preprocess
  insize=811 outsize=209 ok=1
Cmd: preprocess
  insize=811 outsize=209 ok=1
Cmd: preprocess
  insize=811 outsize=209 ok=1
Cmd: preprocess
  insize=811 outsize=209 ok=1
Cmd: preprocess
  insize=811 outsize=209 ok=1
Cmd: preprocess
  insize=811 outsize=209 ok=1
Cmd: preprocess
  insize=811 outsize=209 ok=1
Cmd: preprocess
  insize=811 outsize=209 ok=1
Cmd: preprocess
  insize=811 outsize=209 ok=1
Cmd: preprocess
  insize=811 outsize=209 ok=1
Cmd: preprocess
  insize=811 outsize=209 ok=1
Cmd: preprocess
  insize=8063 outsize=685 ok=1
Cmd: preprocess
  insize=6522 outsize=687 ok=1
Cmd: preprocess
  insize=6231 outsize=690 ok=1
Cmd: preprocess
  insize=6012 outsize=688 ok=1
Cmd: preprocess
  insize=5786 outsize=689 ok=1
Cmd: preprocess
  insize=4346 outsize=696 ok=1
Cmd: preprocess
  insize=33319 outsize=2008 ok=1
Cmd: preprocess
  insize=5265 outsize=686 ok=1
Cmd: preprocess
  insize=3635 outsize=689 ok=1
Cmd: preprocess
  insize=3872 outsize=690 ok=1
Cmd: preprocess
  insize=4556 outsize=686 ok=1
Cmd: preprocess
  insize=4851 outsize=685 ok=1
Cmd: preprocess
  insize=5786 outsize=689 ok=1
Cmd: preprocess
  insize=6012 outsize=688 ok=1
Cmd: preprocess
  insize=6231 outsize=690 ok=1
Cmd: preprocess
  insize=6522 outsize=687 ok=1
Cmd: preprocess
  insize=8063 outsize=685 ok=1
Cmd: preprocess
  insize=33319 outsize=2008 ok=1
Cmd: preprocess
  insize=4851 outsize=685 ok=1
Cmd: preprocess
  insize=5265 outsize=686 ok=1
Cmd: preprocess
  insize=4346 outsize=696 ok=1
Cmd: preprocess
  insize=32051 outsize=2022 ok=1
Cmd: compileSnippet
  api=4 type=0 insize=8471 outsize=1026 kw=UNITY_PASS_SHADOWCASTER pd=UNITY_ENABLE_REFLECTION_BUFFERS UNITY_USE_DITHER_MASK_FOR_ALPHABLENDED_SHADOWS UNITY_PBS_USE_BRDF1 UNITY_SPECCUBE_BOX_PROJECTION UNITY_SPECCUBE_BLENDING UNITY_ENABLE_DETAIL_NORMALMAP SHADER_API_DESKTOP UNITY_COLORSPACE_GAMMA UNITY_LIGHT_PROBE_PROXY_VOLUME UNITY_LIGHTMAP_FULL_HDR ok=1
Cmd: compileSnippet
  api=4 type=1 insize=8471 outsize=218 kw=UNITY_PASS_SHADOWCASTER pd=UNITY_ENABLE_REFLECTION_BUFFERS UNITY_USE_DITHER_MASK_FOR_ALPHABLENDED_SHADOWS UNITY_PBS_USE_BRDF1 UNITY_SPECCUBE_BOX_PROJECTION UNITY_SPECCUBE_BLENDING UNITY_ENABLE_DETAIL_NORMALMAP SHADER_API_DESKTOP UNITY_COLORSPACE_GAMMA UNITY_LIGHT_PROBE_PROXY_VOLUME UNITY_LIGHTMAP_FULL_HDR ok=1
Cmd: compileSnippet
  api=4 type=0 insize=14138 outsize=658 kw= pd=UNITY_ENABLE_REFLECTION_BUFFERS UNITY_USE_DITHER_MASK_FOR_ALPHABLENDED_SHADOWS UNITY_PBS_USE_BRDF1 UNITY_SPECCUBE_BOX_PROJECTION UNITY_SPECCUBE_BLENDING UNITY_ENABLE_DETAIL_NORMALMAP SHADER_API_DESKTOP UNITY_COLORSPACE_GAMMA UNITY_LIGHT_PROBE_PROXY_VOLUME UNITY_LIGHTMAP_FULL_HDR ok=1
Cmd: compileSnippet
  error: 1 plat 4 at (102): pow(f, e) will not work for negative f, use abs(f) or conditionally handle negative values if you expect them\nCompiling Fragment program
Platform defines: UNITY_ENABLE_REFLECTION_BUFFERS UNITY_USE_DITHER_MASK_FOR_ALPHABLENDED_SHADOWS UNITY_PBS_USE_BRDF1 UNITY_SPECCUBE_BOX_PROJECTION UNITY_SPECCUBE_BLENDING UNITY_ENABLE_DETAIL_NORMALMAP SHADER_API_DESKTOP UNITY_COLORSPACE_GAMMA UNITY_LIGHT_PROBE_PROXY_VOLUME UNITY_LIGHTMAP_FULL_HDR
  api=4 type=1 insize=14138 outsize=1690 kw= pd=UNITY_ENABLE_REFLECTION_BUFFERS UNITY_USE_DITHER_MASK_FOR_ALPHABLENDED_SHADOWS UNITY_PBS_USE_BRDF1 UNITY_SPECCUBE_BOX_PROJECTION UNITY_SPECCUBE_BLENDING UNITY_ENABLE_DETAIL_NORMALMAP SHADER_API_DESKTOP UNITY_COLORSPACE_GAMMA UNITY_LIGHT_PROBE_PROXY_VOLUME UNITY_LIGHTMAP_FULL_HDR ok=1
Cmd: preprocess
  insize=811 outsize=209 ok=1
Cmd: preprocess
  insize=811 outsize=209 ok=1
Cmd: preprocess
  insize=811 outsize=209 ok=1
Cmd: preprocess
  insize=811 outsize=209 ok=1
Cmd: preprocess
  insize=811 outsize=209 ok=1
Cmd: preprocess
  insize=811 outsize=209 ok=1
Cmd: preprocess
  insize=811 outsize=209 ok=1
Cmd: preprocess
  insize=811 outsize=209 ok=1
Cmd: preprocess
  insize=811 outsize=209 ok=1
Cmd: preprocess
  insize=811 outsize=209 ok=1
Cmd: preprocess
  insize=811 outsize=209 ok=1
Cmd: preprocess
  insize=811 outsize=209 ok=1
Cmd: preprocess
  insize=811 outsize=209 ok=1
Cmd: preprocess
  insize=811 outsize=209 ok=1
Cmd: preprocess
  insize=811 outsize=209 ok=1
Cmd: preprocess
  insize=811 outsize=209 ok=1
Cmd: preprocess
  insize=811 outsize=209 ok=1
Cmd: preprocess
  insize=811 outsize=209 ok=1
Cmd: preprocess
  insize=811 outsize=209 ok=1
Cmd: preprocess
  insize=811 outsize=209 ok=1
Cmd: preprocess
  insize=811 outsize=209 ok=1
Cmd: preprocess
  insize=8063 outsize=685 ok=1
Cmd: preprocess
  insize=6522 outsize=687 ok=1
Cmd: preprocess
  insize=6231 outsize=690 ok=1
Cmd: preprocess
  insize=6012 outsize=688 ok=1
Cmd: preprocess
  insize=5786 outsize=689 ok=1
Cmd: preprocess
  insize=4346 outsize=696 ok=1
Cmd: preprocess
  insize=33319 outsize=2008 ok=1
Cmd: preprocess
  insize=5265 outsize=686 ok=1
Cmd: preprocess
  insize=3635 outsize=689 ok=1
Cmd: preprocess
  insize=3872 outsize=690 ok=1
Cmd: preprocess
  insize=4556 outsize=686 ok=1
Cmd: preprocess
  insize=4851 outsize=685 ok=1
Cmd: preprocess
  insize=5786 outsize=689 ok=1
Cmd: preprocess
  insize=6012 outsize=688 ok=1
Cmd: preprocess
  insize=6231 outsize=690 ok=1
Cmd: preprocess
  insize=6522 outsize=687 ok=1
Cmd: preprocess
  insize=8063 outsize=685 ok=1
Cmd: preprocess
  insize=33319 outsize=2008 ok=1
Cmd: preprocess
  insize=4851 outsize=685 ok=1
Cmd: preprocess
  insize=5265 outsize=686 ok=1
Cmd: preprocess
  insize=4346 outsize=696 ok=1
Cmd: preprocess
  insize=811 outsize=209 ok=1
Cmd: preprocess
  insize=811 outsize=209 ok=1
Cmd: preprocess
  insize=811 outsize=209 ok=1
Cmd: preprocess
  insize=811 outsize=209 ok=1
Cmd: preprocess
  insize=811 outsize=209 ok=1
Cmd: preprocess
  insize=811 outsize=209 ok=1
Cmd: preprocess
  insize=811 outsize=209 ok=1
Cmd: preprocess
  insize=811 outsize=209 ok=1
Cmd: preprocess
  insize=811 outsize=209 ok=1
Cmd: preprocess
  insize=811 outsize=209 ok=1
Cmd: preprocess
  insize=811 outsize=209 ok=1
Cmd: preprocess
  insize=811 outsize=209 ok=1
Cmd: preprocess
  insize=811 outsize=209 ok=1
Cmd: preprocess
  insize=811 outsize=209 ok=1
Cmd: preprocess
  insize=811 outsize=209 ok=1
Cmd: preprocess
  insize=811 outsize=209 ok=1
Cmd: preprocess
  insize=811 outsize=209 ok=1
Cmd: preprocess
  insize=811 outsize=209 ok=1
Cmd: preprocess
  insize=811 outsize=209 ok=1
Cmd: preprocess
  insize=811 outsize=209 ok=1
Cmd: preprocess
  insize=811 outsize=209 ok=1
Cmd: preprocess
  insize=8063 outsize=685 ok=1
Cmd: preprocess
  insize=6522 outsize=687 ok=1
Cmd: preprocess
  insize=6231 outsize=690 ok=1
Cmd: preprocess
  insize=6012 outsize=688 ok=1
Cmd: preprocess
  insize=5786 outsize=689 ok=1
Cmd: preprocess
  insize=4346 outsize=696 ok=1
Cmd: preprocess
  insize=33319 outsize=2008 ok=1
Cmd: preprocess
  insize=5265 outsize=686 ok=1
Cmd: preprocess
  insize=3635 outsize=689 ok=1
Cmd: preprocess
  insize=3872 outsize=690 ok=1
Cmd: preprocess
  insize=4556 outsize=686 ok=1
Cmd: preprocess
  insize=4851 outsize=685 ok=1
Cmd: preprocess
  insize=5786 outsize=689 ok=1
Cmd: preprocess
  insize=6012 outsize=688 ok=1
Cmd: preprocess
  insize=6231 outsize=690 ok=1
Cmd: preprocess
  insize=6522 outsize=687 ok=1
Cmd: preprocess
  insize=8063 outsize=685 ok=1
Cmd: preprocess
  insize=33319 outsize=2008 ok=1
Cmd: preprocess
  insize=4851 outsize=685 ok=1
Cmd: preprocess
  insize=5265 outsize=686 ok=1
Cmd: preprocess
  insize=4346 outsize=696 ok=1
Cmd: preprocess
  insize=811 outsize=209 ok=1
Cmd: preprocess
  insize=811 outsize=209 ok=1
Cmd: preprocess
  insize=811 outsize=209 ok=1
Cmd: preprocess
  insize=811 outsize=209 ok=1
Cmd: preprocess
  insize=811 outsize=209 ok=1
Cmd: preprocess
  insize=811 outsize=209 ok=1
Cmd: preprocess
  insize=811 outsize=209 ok=1
Cmd: preprocess
  insize=811 outsize=209 ok=1
Cmd: preprocess
  insize=811 outsize=209 ok=1
Cmd: preprocess
  insize=811 outsize=209 ok=1
Cmd: preprocess
  insize=811 outsize=209 ok=1
Cmd: preprocess
  insize=811 outsize=209 ok=1
Cmd: preprocess
  insize=811 outsize=209 ok=1
Cmd: preprocess
  insize=811 outsize=209 ok=1
Cmd: preprocess
  insize=811 outsize=209 ok=1
Cmd: preprocess
  insize=811 outsize=209 ok=1
Cmd: preprocess
  insize=811 outsize=209 ok=1
Cmd: preprocess
  insize=811 outsize=209 ok=1
Cmd: preprocess
  insize=811 outsize=209 ok=1
Cmd: preprocess
  insize=811 outsize=209 ok=1
Cmd: preprocess
  insize=811 outsize=209 ok=1
Cmd: preprocess
  insize=8063 outsize=685 ok=1
Cmd: preprocess
  insize=6522 outsize=687 ok=1
Cmd: preprocess
  insize=6231 outsize=690 ok=1
Cmd: preprocess
  insize=6012 outsize=688 ok=1
Cmd: preprocess
  insize=5786 outsize=689 ok=1
Cmd: preprocess
  insize=4346 outsize=696 ok=1
Cmd: preprocess
  insize=33319 outsize=2008 ok=1
Cmd: preprocess
  insize=5265 outsize=686 ok=1
Cmd: preprocess
  insize=3635 outsize=689 ok=1
Cmd: preprocess
  insize=3872 outsize=690 ok=1
Cmd: preprocess
  insize=4556 outsize=686 ok=1
Cmd: preprocess
  insize=4851 outsize=685 ok=1
Cmd: preprocess
  insize=5786 outsize=689 ok=1
Cmd: preprocess
  insize=6012 outsize=688 ok=1
Cmd: preprocess
  insize=6231 outsize=690 ok=1
Cmd: preprocess
  insize=6522 outsize=687 ok=1
Cmd: preprocess
  insize=8063 outsize=685 ok=1
Cmd: preprocess
  insize=33319 outsize=2008 ok=1
Cmd: preprocess
  insize=4851 outsize=685 ok=1
Cmd: preprocess
  insize=5265 outsize=686 ok=1
Cmd: preprocess
  insize=4346 outsize=696 ok=1
Cmd: preprocess
  insize=32050 outsize=2021 ok=1
Cmd: preprocess
  insize=811 outsize=209 ok=1
Cmd: preprocess
  insize=811 outsize=209 ok=1
Cmd: preprocess
  insize=811 outsize=209 ok=1
Cmd: preprocess
  insize=811 outsize=209 ok=1
Cmd: preprocess
  insize=811 outsize=209 ok=1
Cmd: preprocess
  insize=811 outsize=209 ok=1
Cmd: preprocess
  insize=811 outsize=209 ok=1
Cmd: preprocess
  insize=811 outsize=209 ok=1
Cmd: preprocess
  insize=811 outsize=209 ok=1
Cmd: preprocess
  insize=811 outsize=209 ok=1
Cmd: preprocess
  insize=811 outsize=209 ok=1
Cmd: preprocess
  insize=811 outsize=209 ok=1
Cmd: preprocess
  insize=811 outsize=209 ok=1
Cmd: preprocess
  insize=811 outsize=209 ok=1
Cmd: preprocess
  insize=811 outsize=209 ok=1
Cmd: preprocess
  insize=811 outsize=209 ok=1
Cmd: preprocess
  insize=811 outsize=209 ok=1
Cmd: preprocess
  insize=811 outsize=209 ok=1
Cmd: preprocess
  insize=811 outsize=209 ok=1
Cmd: preprocess
  insize=811 outsize=209 ok=1
Cmd: preprocess
  insize=811 outsize=209 ok=1
Cmd: preprocess
  insize=8062 outsize=684 ok=1
Cmd: preprocess
  insize=6521 outsize=686 ok=1
Cmd: preprocess
  insize=6230 outsize=689 ok=1
Cmd: preprocess
  insize=6011 outsize=687 ok=1
Cmd: preprocess
  insize=5785 outsize=688 ok=1
Cmd: preprocess
  insize=4345 outsize=695 ok=1
Cmd: preprocess
  insize=33318 outsize=2007 ok=1
Cmd: preprocess
  insize=5264 outsize=685 ok=1
Cmd: preprocess
  insize=3634 outsize=688 ok=1
Cmd: preprocess
  insize=3871 outsize=689 ok=1
Cmd: preprocess
  insize=4555 outsize=685 ok=1
Cmd: preprocess
  insize=4850 outsize=684 ok=1
Cmd: preprocess
  insize=5785 outsize=688 ok=1
Cmd: preprocess
  insize=6011 outsize=687 ok=1
Cmd: preprocess
  insize=6230 outsize=689 ok=1
Cmd: preprocess
  insize=6521 outsize=686 ok=1
Cmd: preprocess
  insize=8062 outsize=684 ok=1
Cmd: preprocess
  insize=33318 outsize=2007 ok=1
Cmd: preprocess
  insize=4850 outsize=684 ok=1
Cmd: preprocess
  insize=5264 outsize=685 ok=1
Cmd: preprocess
  insize=4345 outsize=695 ok=1
Cmd: preprocess
  insize=811 outsize=209 ok=1
Cmd: preprocess
  insize=811 outsize=209 ok=1
Cmd: preprocess
  insize=811 outsize=209 ok=1
Cmd: preprocess
  insize=811 outsize=209 ok=1
Cmd: preprocess
  insize=811 outsize=209 ok=1
Cmd: preprocess
  insize=811 outsize=209 ok=1
Cmd: preprocess
  insize=811 outsize=209 ok=1
Cmd: preprocess
  insize=811 outsize=209 ok=1
Cmd: preprocess
  insize=811 outsize=209 ok=1
Cmd: preprocess
  insize=811 outsize=209 ok=1
Cmd: preprocess
  insize=811 outsize=209 ok=1
Cmd: preprocess
  insize=811 outsize=209 ok=1
Cmd: preprocess
  insize=811 outsize=209 ok=1
Cmd: preprocess
  insize=811 outsize=209 ok=1
Cmd: preprocess
  insize=811 outsize=209 ok=1
Cmd: preprocess
  insize=811 outsize=209 ok=1
Cmd: preprocess
  insize=811 outsize=209 ok=1
Cmd: preprocess
  insize=811 outsize=209 ok=1
Cmd: preprocess
  insize=811 outsize=209 ok=1
Cmd: preprocess
  insize=811 outsize=209 ok=1
Cmd: preprocess
  insize=8062 outsize=684 ok=1
Cmd: preprocess
  insize=6521 outsize=686 ok=1
Cmd: preprocess
  insize=6230 outsize=689 ok=1
Cmd: preprocess
  insize=6011 outsize=687 ok=1
Cmd: preprocess
  insize=5785 outsize=688 ok=1
Cmd: preprocess
  insize=4345 outsize=695 ok=1
Cmd: preprocess
  insize=33318 outsize=2007 ok=1
Cmd: preprocess
  insize=5264 outsize=685 ok=1
Cmd: preprocess
  insize=3634 outsize=688 ok=1
Cmd: preprocess
  insize=3871 outsize=689 ok=1
Cmd: preprocess
  insize=4555 outsize=685 ok=1
Cmd: preprocess
  insize=4850 outsize=684 ok=1
Cmd: preprocess
  insize=5785 outsize=688 ok=1
Cmd: preprocess
  insize=6011 outsize=687 ok=1
Cmd: preprocess
  insize=6230 outsize=689 ok=1
Cmd: preprocess
  insize=6521 outsize=686 ok=1
Cmd: preprocess
  insize=8062 outsize=684 ok=1
Cmd: preprocess
  insize=33318 outsize=2007 ok=1
Cmd: preprocess
  insize=4850 outsize=684 ok=1
Cmd: preprocess
  insize=5264 outsize=685 ok=1
Cmd: preprocess
  insize=4345 outsize=695 ok=1
Cmd: preprocess
  insize=811 outsize=209 ok=1
Cmd: preprocess
  insize=811 outsize=209 ok=1
Cmd: preprocess
  insize=811 outsize=209 ok=1
Cmd: preprocess
  insize=811 outsize=209 ok=1
Cmd: preprocess
  insize=811 outsize=209 ok=1
Cmd: preprocess
  insize=811 outsize=209 ok=1
Cmd: preprocess
  insize=811 outsize=209 ok=1
Cmd: preprocess
  insize=811 outsize=209 ok=1
Cmd: preprocess
  insize=811 outsize=209 ok=1
Cmd: preprocess
  insize=811 outsize=209 ok=1
Cmd: preprocess
  insize=811 outsize=209 ok=1
Cmd: preprocess
  insize=811 outsize=209 ok=1
Cmd: preprocess
  insize=811 outsize=209 ok=1
Cmd: preprocess
  insize=811 outsize=209 ok=1
Cmd: preprocess
  insize=811 outsize=209 ok=1
Cmd: preprocess
  insize=811 outsize=209 ok=1
Cmd: preprocess
  insize=811 outsize=209 ok=1
Cmd: preprocess
  insize=811 outsize=209 ok=1
Cmd: preprocess
  insize=811 outsize=209 ok=1
Cmd: preprocess
  insize=811 outsize=209 ok=1
Cmd: preprocess
  insize=8062 outsize=684 ok=1
Cmd: preprocess
  insize=6521 outsize=686 ok=1
Cmd: preprocess
  insize=6230 outsize=689 ok=1
Cmd: preprocess
  insize=6011 outsize=687 ok=1
Cmd: preprocess
  insize=5785 outsize=688 ok=1
Cmd: preprocess
  insize=4345 outsize=695 ok=1
Cmd: preprocess
  insize=33318 outsize=2007 ok=1
Cmd: preprocess
  insize=5264 outsize=685 ok=1
Cmd: preprocess
  insize=3634 outsize=688 ok=1
Cmd: preprocess
  insize=3871 outsize=689 ok=1
Cmd: preprocess
  insize=4555 outsize=685 ok=1
Cmd: preprocess
  insize=4850 outsize=684 ok=1
Cmd: preprocess
  insize=5785 outsize=688 ok=1
Cmd: preprocess
  insize=6011 outsize=687 ok=1
Cmd: preprocess
  insize=6230 outsize=689 ok=1
Cmd: preprocess
  insize=6521 outsize=686 ok=1
Cmd: preprocess
  insize=8062 outsize=684 ok=1
Cmd: preprocess
  insize=33318 outsize=2007 ok=1
Cmd: preprocess
  insize=4850 outsize=684 ok=1
Cmd: preprocess
  insize=5264 outsize=685 ok=1
Cmd: preprocess
  insize=4345 outsize=695 ok=1
Cmd: preprocess
  insize=5788 outsize=691 ok=1
Cmd: preprocess
  insize=6014 outsize=690 ok=1
Cmd: preprocess
  insize=6233 outsize=692 ok=1
Cmd: preprocess
  insize=6524 outsize=689 ok=1
Cmd: preprocess
  insize=8065 outsize=687 ok=1
Cmd: preprocess
  insize=33321 outsize=2010 ok=1
Cmd: preprocess
  insize=4853 outsize=687 ok=1
Cmd: preprocess
  insize=5267 outsize=688 ok=1
Cmd: preprocess
  insize=4348 outsize=698 ok=1
Cmd: preprocess
  insize=5782 outsize=685 ok=1
Cmd: preprocess
  insize=6008 outsize=684 ok=1
Cmd: preprocess
  insize=6227 outsize=686 ok=1
Cmd: preprocess
  insize=6518 outsize=683 ok=1
Cmd: preprocess
  insize=8059 outsize=681 ok=1
Cmd: preprocess
  insize=33315 outsize=2004 ok=1
Cmd: preprocess
  insize=4847 outsize=681 ok=1
Cmd: preprocess
  insize=5261 outsize=682 ok=1
Cmd: preprocess
  insize=4342 outsize=692 ok=1
Cmd: preprocess
  insize=5785 outsize=688 ok=1
Cmd: preprocess
  insize=6011 outsize=687 ok=1
Cmd: preprocess
  insize=6230 outsize=689 ok=1
Cmd: preprocess
  insize=6521 outsize=686 ok=1
Cmd: preprocess
  insize=8062 outsize=684 ok=1
Cmd: preprocess
  insize=33318 outsize=2007 ok=1
Cmd: preprocess
  insize=4850 outsize=684 ok=1
Cmd: preprocess
  insize=5264 outsize=685 ok=1
Cmd: preprocess
  insize=4345 outsize=695 ok=1
Cmd: preprocess
  insize=5790 outsize=693 ok=1
Cmd: preprocess
  insize=6016 outsize=692 ok=1
Cmd: preprocess
  insize=6235 outsize=694 ok=1
Cmd: preprocess
  insize=6526 outsize=691 ok=1
Cmd: preprocess
  insize=8067 outsize=689 ok=1
Cmd: preprocess
  insize=33323 outsize=2012 ok=1
Cmd: preprocess
  insize=4855 outsize=689 ok=1
Cmd: preprocess
  insize=5269 outsize=690 ok=1
Cmd: preprocess
  insize=4350 outsize=700 ok=1
Cmd: preprocess
  insize=32055 outsize=2026 ok=1
Cmd: preprocess
  insize=32055 outsize=2027 ok=1
Cmd: compileSnippet
  api=4 type=0 insize=8471 outsize=1026 kw=UNITY_PASS_SHADOWCASTER pd=UNITY_ENABLE_REFLECTION_BUFFERS UNITY_USE_DITHER_MASK_FOR_ALPHABLENDED_SHADOWS UNITY_PBS_USE_BRDF1 UNITY_SPECCUBE_BOX_PROJECTION UNITY_SPECCUBE_BLENDING UNITY_ENABLE_DETAIL_NORMALMAP SHADER_API_DESKTOP UNITY_COLORSPACE_GAMMA UNITY_LIGHT_PROBE_PROXY_VOLUME UNITY_LIGHTMAP_FULL_HDR ok=1
Cmd: compileSnippet
  api=4 type=1 insize=8471 outsize=218 kw=UNITY_PASS_SHADOWCASTER pd=UNITY_ENABLE_REFLECTION_BUFFERS UNITY_USE_DITHER_MASK_FOR_ALPHABLENDED_SHADOWS UNITY_PBS_USE_BRDF1 UNITY_SPECCUBE_BOX_PROJECTION UNITY_SPECCUBE_BLENDING UNITY_ENABLE_DETAIL_NORMALMAP SHADER_API_DESKTOP UNITY_COLORSPACE_GAMMA UNITY_LIGHT_PROBE_PROXY_VOLUME UNITY_LIGHTMAP_FULL_HDR ok=1
Cmd: compileSnippet
  api=4 type=0 insize=14138 outsize=658 kw= pd=UNITY_ENABLE_REFLECTION_BUFFERS UNITY_USE_DITHER_MASK_FOR_ALPHABLENDED_SHADOWS UNITY_PBS_USE_BRDF1 UNITY_SPECCUBE_BOX_PROJECTION UNITY_SPECCUBE_BLENDING UNITY_ENABLE_DETAIL_NORMALMAP SHADER_API_DESKTOP UNITY_COLORSPACE_GAMMA UNITY_LIGHT_PROBE_PROXY_VOLUME UNITY_LIGHTMAP_FULL_HDR ok=1
Cmd: compileSnippet
  error: 1 plat 4 at (102): pow(f, e) will not work for negative f, use abs(f) or conditionally handle negative values if you expect them\nCompiling Fragment program
Platform defines: UNITY_ENABLE_REFLECTION_BUFFERS UNITY_USE_DITHER_MASK_FOR_ALPHABLENDED_SHADOWS UNITY_PBS_USE_BRDF1 UNITY_SPECCUBE_BOX_PROJECTION UNITY_SPECCUBE_BLENDING UNITY_ENABLE_DETAIL_NORMALMAP SHADER_API_DESKTOP UNITY_COLORSPACE_GAMMA UNITY_LIGHT_PROBE_PROXY_VOLUME UNITY_LIGHTMAP_FULL_HDR
  api=4 type=1 insize=14138 outsize=1690 kw= pd=UNITY_ENABLE_REFLECTION_BUFFERS UNITY_USE_DITHER_MASK_FOR_ALPHABLENDED_SHADOWS UNITY_PBS_USE_BRDF1 UNITY_SPECCUBE_BOX_PROJECTION UNITY_SPECCUBE_BLENDING UNITY_ENABLE_DETAIL_NORMALMAP SHADER_API_DESKTOP UNITY_COLORSPACE_GAMMA UNITY_LIGHT_PROBE_PROXY_VOLUME UNITY_LIGHTMAP_FULL_HDR ok=1
Cmd: preprocess
  insize=811 outsize=209 ok=1
Cmd: preprocess
  insize=811 outsize=209 ok=1
Cmd: preprocess
  insize=811 outsize=209 ok=1
Cmd: preprocess
  insize=811 outsize=209 ok=1
Cmd: preprocess
  insize=811 outsize=209 ok=1
Cmd: preprocess
  insize=811 outsize=209 ok=1
Cmd: preprocess
  insize=811 outsize=209 ok=1
Cmd: preprocess
  insize=811 outsize=209 ok=1
Cmd: preprocess
  insize=811 outsize=209 ok=1
Cmd: preprocess
  insize=811 outsize=209 ok=1
Cmd: preprocess
  insize=811 outsize=209 ok=1
Cmd: preprocess
  insize=811 outsize=209 ok=1
Cmd: preprocess
  insize=811 outsize=209 ok=1
Cmd: preprocess
  insize=811 outsize=209 ok=1
Cmd: preprocess
  insize=811 outsize=209 ok=1
Cmd: preprocess
  insize=811 outsize=209 ok=1
Cmd: preprocess
  insize=811 outsize=209 ok=1
Cmd: preprocess
  insize=811 outsize=209 ok=1
Cmd: preprocess
  insize=811 outsize=209 ok=1
Cmd: preprocess
  insize=811 outsize=209 ok=1
Cmd: preprocess
  insize=8067 outsize=689 ok=1
Cmd: preprocess
  insize=6526 outsize=691 ok=1
Cmd: preprocess
  insize=6235 outsize=694 ok=1
Cmd: preprocess
  insize=6016 outsize=694 ok=1
Cmd: preprocess
  insize=5790 outsize=693 ok=1
Cmd: preprocess
  insize=4350 outsize=700 ok=1
Cmd: preprocess
  insize=33323 outsize=2011 ok=1
Cmd: preprocess
  insize=5269 outsize=690 ok=1
Cmd: preprocess
  insize=3639 outsize=692 ok=1
Cmd: preprocess
  insize=3876 outsize=694 ok=1
Cmd: preprocess
  insize=4560 outsize=690 ok=1
Cmd: preprocess
  insize=4855 outsize=689 ok=1
Cmd: preprocess
  insize=5790 outsize=693 ok=1
Cmd: preprocess
  insize=6016 outsize=694 ok=1
Cmd: preprocess
  insize=6235 outsize=694 ok=1
Cmd: preprocess
  insize=6526 outsize=691 ok=1
Cmd: preprocess
  insize=8067 outsize=689 ok=1
Cmd: preprocess
  insize=33323 outsize=2011 ok=1
Cmd: preprocess
  insize=4855 outsize=689 ok=1
Cmd: preprocess
  insize=5269 outsize=690 ok=1
Cmd: preprocess
  insize=4350 outsize=700 ok=1
